#
# A fatal error has been detected by the Java Runtime Environment:
#
#  SIGSEGV (0xb) at pc=0x00007fc7e55a730e, pid=26978, tid=140496771290880
#
# JRE version: 6.0_45-b06
# Java VM: Java HotSpot(TM) 64-Bit Server VM (20.45-b01 mixed mode linux-amd64 compressed oops)
# Problematic frame:
# C  [libgdk-x11-2.0.so.0+0x7230e]  __float128+0xe
#
# If you would like to submit a bug report, please visit:
#   http://java.sun.com/webapps/bugreport/crash.jsp
# The crash happened outside the Java Virtual Machine in native code.
# See problematic frame for where to report the bug.
#

---------------  T H R E A D  ---------------

Current thread (0x00007fc7f0007800):  JavaThread "main" [_thread_in_native, id=26979, stack(0x00007fc7f4151000,0x00007fc7f4252000)]

siginfo:si_signo=SIGSEGV: si_errno=0, si_code=1 (SEGV_MAPERR), si_addr=0x0000000000000018

Registers:
RAX=0x0000000000000000, RBX=0x00007fc7f015d000, RCX=0x00007fc7f4251700, RDX=0x0000000000000000
RSP=0x00007fc7f424fdf0, RBP=0x00007fc7f015d0f0, RSI=0x0000000000000000, RDI=0x0000000000000000
R8 =0x00007fc7f011e720, R9 =0x0000000000000001, R10=0x00007fc7f424fba0, R11=0x00007fc7e55a7300
R12=0x00007fc7f015d000, R13=0x0000000000000000, R14=0x0000000000000260, R15=0x0000000000000000
RIP=0x00007fc7e55a730e, EFLAGS=0x0000000000010206, CSGSFS=0x0000000000000033, ERR=0x0000000000000004
  TRAPNO=0x000000000000000e

Top of Stack: (sp=0x00007fc7f424fdf0)
0x00007fc7f424fdf0:   0000000000000001 00007fc7f015d000
0x00007fc7f424fe00:   00007fc7f015d0f0 00007fc7a4de041c
0x00007fc7f424fe10:   00007fc7f011d770 00007fc70000fc02
0x00007fc7f424fe20:   000001c7f015d000 0000000000000127
0x00007fc7f424fe30:   0000000000000000 0000000000000000
0x00007fc7f424fe40:   00007fc700000001 0000003000000020
0x00007fc7f424fe50:   00007fc7f015ab00 00007fc7f015ae60
0x00007fc7f424fe60:   00000000f01500e0 00007fc7e5f2f2d0
0x00007fc7f424fe70:   00007fc7f015d000 0000000000000000
0x00007fc7f424fe80:   00007fc7f4250138 00007fc7e5f30eca
0x00007fc7f424fe90:   00007fc7f014fb60 00007fc7e5f2f2d0
0x00007fc7f424fea0:   00007fc7f015d000 0000000000000000
0x00007fc7f424feb0:   00007fc7f4250168 00007fc7e5f30eca
0x00007fc7f424fec0:   0000000000000000 000000007d12684b
0x00007fc7f424fed0:   0000000000000000 0000000000000000
0x00007fc7f424fee0:   00007fc700000002 00000000e5c63e23
0x00007fc7f424fef0:   0000000040000002 0000000000000000
0x00007fc7f424ff00:   0000000500000005 00007fc7e5f35d65
0x00007fc7f424ff10:   00007fc7f0150150 00007fc7e5c63e23
0x00007fc7f424ff20:   00007fc7f4250138 00007fc7e5caf5e1
0x00007fc7f424ff30:   00007fc7f01500e0 00007fc7f014fbb0
0x00007fc7f424ff40:   00007fc7f4250150 00007fc7f4250168
0x00007fc7f424ff50:   00007fc7f014fb60 00007fc7f4250070
0x00007fc7f424ff60:   0000000000000000 00007fc7e5f49711
0x00007fc7f424ff70:   0000000000000000 0000000000000004
0x00007fc7f424ff80:   0000000000000004 00000000f42500f8
0x00007fc7f424ff90:   00007fc700000001 00007fc7f015d000
0x00007fc7f424ffa0:   0000000000000000 0000000000000004
0x00007fc7f424ffb0:   00007fc7f0189740 47e60debea644700
0x00007fc7f424ffc0:   00007fc7e553b2d0 00007fc7f4250214
0x00007fc7f424ffd0:   00007fc7f4250210 0000000000000000
0x00007fc7f424ffe0:   00007fc7f015d000 00000000000001c7 

Instructions: (pc=0x00007fc7e55a730e)
0x00007fc7e55a72ee:   00 48 83 c4 38 e9 b8 8f ff ff 0f 1f 84 00 00 00
0x00007fc7e55a72fe:   00 00 48 89 5c 24 f0 48 89 6c 24 f8 48 83 ec 18
0x00007fc7e55a730e:   48 8b 5f 18 48 89 fd e8 26 9c ff ff 48 85 db 74
0x00007fc7e55a731e:   22 48 8b 13 48 85 d2 74 05 48 39 02 74 0f 48 89 

Register to memory mapping:

RAX=0x0000000000000000 is an unknown value
RBX=0x00007fc7f015d000 is an unknown value
RCX=0x00007fc7f4251700 is pointing into the stack for thread: 0x00007fc7f0007800
RDX=0x0000000000000000 is an unknown value
RSP=0x00007fc7f424fdf0 is pointing into the stack for thread: 0x00007fc7f0007800
RBP=0x00007fc7f015d0f0 is an unknown value
RSI=0x0000000000000000 is an unknown value
RDI=0x0000000000000000 is an unknown value
R8 =0x00007fc7f011e720 is an unknown value
R9 =0x0000000000000001 is an unknown value
R10=0x00007fc7f424fba0 is pointing into the stack for thread: 0x00007fc7f0007800
R11=0x00007fc7e55a7300: gdk_window_enable_synchronized_configure+0 in /usr/lib/x86_64-linux-gnu/libgdk-x11-2.0.so.0 at 0x00007fc7e5535000
R12=0x00007fc7f015d000 is an unknown value
R13=0x0000000000000000 is an unknown value
R14=0x0000000000000260 is an unknown value
R15=0x0000000000000000 is an unknown value


Stack: [0x00007fc7f4151000,0x00007fc7f4252000],  sp=0x00007fc7f424fdf0,  free space=1019k
Native frames: (J=compiled Java code, j=interpreted, Vv=VM code, C=native code)
C  [libgdk-x11-2.0.so.0+0x7230e]  __float128+0xe

Java frames: (J=compiled Java code, j=interpreted, Vv=VM code)
j  org.eclipse.equinox.launcher.JNIBridge._show_splash(Ljava/lang/String;)V+0
j  org.eclipse.equinox.launcher.JNIBridge.showSplash(Ljava/lang/String;)Z+2
j  org.eclipse.equinox.launcher.Main.handleSplash([Ljava/net/URL;)V+157
j  org.eclipse.equinox.launcher.Main.basicRun([Ljava/lang/String;)V+116
j  org.eclipse.equinox.launcher.Main.run([Ljava/lang/String;)I+4
j  org.eclipse.equinox.launcher.Main.main([Ljava/lang/String;)V+10
v  ~StubRoutines::call_stub

---------------  P R O C E S S  ---------------

Java Threads: ( => current thread )
  0x00007fc7f00c1000 JavaThread "Low Memory Detector" daemon [_thread_blocked, id=26994, stack(0x00007fc7e6484000,0x00007fc7e6585000)]
  0x00007fc7f00be800 JavaThread "C2 CompilerThread1" daemon [_thread_blocked, id=26993, stack(0x00007fc7e6585000,0x00007fc7e6686000)]
  0x00007fc7f00bb800 JavaThread "C2 CompilerThread0" daemon [_thread_blocked, id=26992, stack(0x00007fc7e6686000,0x00007fc7e6787000)]
  0x00007fc7f00b9800 JavaThread "Signal Dispatcher" daemon [_thread_blocked, id=26991, stack(0x00007fc7e6787000,0x00007fc7e6888000)]
  0x00007fc7f009d000 JavaThread "Finalizer" daemon [_thread_blocked, id=26990, stack(0x00007fc7e6b54000,0x00007fc7e6c55000)]
  0x00007fc7f009b000 JavaThread "Reference Handler" daemon [_thread_blocked, id=26989, stack(0x00007fc7e6c55000,0x00007fc7e6d56000)]
=>0x00007fc7f0007800 JavaThread "main" [_thread_in_native, id=26979, stack(0x00007fc7f4151000,0x00007fc7f4252000)]

Other Threads:
  0x00007fc7f0094800 VMThread [stack: 0x00007fc7e6d56000,0x00007fc7e6e57000] [id=26988]
  0x00007fc7f00d3800 WatcherThread [stack: 0x00007fc7e6383000,0x00007fc7e6484000] [id=26995]

VM state:not at safepoint (normal execution)

VM Mutex/Monitor currently owned by a thread: None

Heap
 PSYoungGen      total 11968K, used 824K [0x00000000f8000000, 0x00000000f8d50000, 0x0000000100000000)
  eden space 10304K, 8% used [0x00000000f8000000,0x00000000f80ce388,0x00000000f8a10000)
  from space 1664K, 0% used [0x00000000f8bb0000,0x00000000f8bb0000,0x00000000f8d50000)
  to   space 1664K, 0% used [0x00000000f8a10000,0x00000000f8a10000,0x00000000f8bb0000)
 PSOldGen        total 27328K, used 0K [0x00000000e8000000, 0x00000000e9ab0000, 0x00000000f8000000)
  object space 27328K, 0% used [0x00000000e8000000,0x00000000e8000000,0x00000000e9ab0000)
 PSPermGen       total 21248K, used 3387K [0x00000000d8000000, 0x00000000d94c0000, 0x00000000e8000000)
  object space 21248K, 15% used [0x00000000d8000000,0x00000000d834eda0,0x00000000d94c0000)

Code Cache  [0x00007fc7ec379000, 0x00007fc7ec5e9000, 0x00007fc7ef379000)
 total_blobs=179 nmethods=3 adapters=131 free_code_cache=49932864 largest_free_block=8704

Dynamic libraries:
40000000-40009000 r-xp 00000000 08:01 18745011                           /opt/jdk1.6.0_45/bin/java
40108000-4010a000 rwxp 00008000 08:01 18745011                           /opt/jdk1.6.0_45/bin/java
416e0000-41701000 rwxp 00000000 00:00 0                                  [heap]
d8000000-d94c0000 rwxp 00000000 00:00 0 
d94c0000-e8000000 rwxp 00000000 00:00 0 
e8000000-e9ab0000 rwxp 00000000 00:00 0 
e9ab0000-f8000000 rwxp 00000000 00:00 0 
f8000000-f8d50000 rwxp 00000000 00:00 0 
f8d50000-100000000 rwxp 00000000 00:00 0 
7fc79c000000-7fc79c022000 rwxp 00000000 00:00 0 
7fc79c022000-7fc7a0000000 ---p 00000000 00:00 0 
7fc7a3b3b000-7fc7a3b3e000 r-xp 00000000 08:01 2514590                    /usr/lib/x86_64-linux-gnu/gdk-pixbuf-2.0/2.10.0/loaders/libpixbufloader-bmp.so
7fc7a3b3e000-7fc7a3d3e000 ---p 00003000 08:01 2514590                    /usr/lib/x86_64-linux-gnu/gdk-pixbuf-2.0/2.10.0/loaders/libpixbufloader-bmp.so
7fc7a3d3e000-7fc7a3d3f000 r-xp 00003000 08:01 2514590                    /usr/lib/x86_64-linux-gnu/gdk-pixbuf-2.0/2.10.0/loaders/libpixbufloader-bmp.so
7fc7a3d3f000-7fc7a3d40000 rwxp 00004000 08:01 2514590                    /usr/lib/x86_64-linux-gnu/gdk-pixbuf-2.0/2.10.0/loaders/libpixbufloader-bmp.so
7fc7a3d40000-7fc7a3d41000 ---p 00000000 00:00 0 
7fc7a3d41000-7fc7a4541000 rwxp 00000000 00:00 0 
7fc7a4541000-7fc7a4548000 r-xp 00000000 08:01 2496611                    /usr/lib/x86_64-linux-gnu/gio/modules/libdconfsettings.so
7fc7a4548000-7fc7a4747000 ---p 00007000 08:01 2496611                    /usr/lib/x86_64-linux-gnu/gio/modules/libdconfsettings.so
7fc7a4747000-7fc7a4748000 r-xp 00006000 08:01 2496611                    /usr/lib/x86_64-linux-gnu/gio/modules/libdconfsettings.so
7fc7a4748000-7fc7a4749000 rwxp 00007000 08:01 2496611                    /usr/lib/x86_64-linux-gnu/gio/modules/libdconfsettings.so
7fc7a4749000-7fc7a4759000 r-xp 00000000 08:01 2100425                    /usr/lib/liboverlay-scrollbar-0.2.so.0.0.16
7fc7a4759000-7fc7a4958000 ---p 00010000 08:01 2100425                    /usr/lib/liboverlay-scrollbar-0.2.so.0.0.16
7fc7a4958000-7fc7a4959000 r-xp 0000f000 08:01 2100425                    /usr/lib/liboverlay-scrollbar-0.2.so.0.0.16
7fc7a4959000-7fc7a495a000 rwxp 00010000 08:01 2100425                    /usr/lib/liboverlay-scrollbar-0.2.so.0.0.16
7fc7a495a000-7fc7a4979000 r-xp 00000000 08:01 2105433                    /usr/lib/x86_64-linux-gnu/libatk-1.0.so.0.20409.1
7fc7a4979000-7fc7a4b79000 ---p 0001f000 08:01 2105433                    /usr/lib/x86_64-linux-gnu/libatk-1.0.so.0.20409.1
7fc7a4b79000-7fc7a4b7b000 r-xp 0001f000 08:01 2105433                    /usr/lib/x86_64-linux-gnu/libatk-1.0.so.0.20409.1
7fc7a4b7b000-7fc7a4b7c000 rwxp 00021000 08:01 2105433                    /usr/lib/x86_64-linux-gnu/libatk-1.0.so.0.20409.1
7fc7a4b7c000-7fc7a4faa000 r-xp 00000000 08:01 2100422                    /usr/lib/x86_64-linux-gnu/libgtk-x11-2.0.so.0.2400.10
7fc7a4faa000-7fc7a51a9000 ---p 0042e000 08:01 2100422                    /usr/lib/x86_64-linux-gnu/libgtk-x11-2.0.so.0.2400.10
7fc7a51a9000-7fc7a51b0000 r-xp 0042d000 08:01 2100422                    /usr/lib/x86_64-linux-gnu/libgtk-x11-2.0.so.0.2400.10
7fc7a51b0000-7fc7a51b4000 rwxp 00434000 08:01 2100422                    /usr/lib/x86_64-linux-gnu/libgtk-x11-2.0.so.0.2400.10
7fc7a51b4000-7fc7a51b6000 rwxp 00000000 00:00 0 
7fc7a51b6000-7fc7a51bb000 r-xp 00000000 08:01 2101859                    /usr/lib/x86_64-linux-gnu/libXdmcp.so.6.0.0
7fc7a51bb000-7fc7a53ba000 ---p 00005000 08:01 2101859                    /usr/lib/x86_64-linux-gnu/libXdmcp.so.6.0.0
7fc7a53ba000-7fc7a53bb000 r-xp 00004000 08:01 2101859                    /usr/lib/x86_64-linux-gnu/libXdmcp.so.6.0.0
7fc7a53bb000-7fc7a53bc000 rwxp 00005000 08:01 2101859                    /usr/lib/x86_64-linux-gnu/libXdmcp.so.6.0.0
7fc7a53bc000-7fc7a53be000 r-xp 00000000 08:01 2105218                    /usr/lib/x86_64-linux-gnu/libXau.so.6.0.0
7fc7a53be000-7fc7a55bd000 ---p 00002000 08:01 2105218                    /usr/lib/x86_64-linux-gnu/libXau.so.6.0.0
7fc7a55bd000-7fc7a55be000 r-xp 00001000 08:01 2105218                    /usr/lib/x86_64-linux-gnu/libXau.so.6.0.0
7fc7a55be000-7fc7a55bf000 rwxp 00002000 08:01 2105218                    /usr/lib/x86_64-linux-gnu/libXau.so.6.0.0
7fc7a55bf000-7fc7a55dc000 r-xp 00000000 08:01 2104504                    /usr/lib/x86_64-linux-gnu/libxcb.so.1.1.0
7fc7a55dc000-7fc7a57db000 ---p 0001d000 08:01 2104504                    /usr/lib/x86_64-linux-gnu/libxcb.so.1.1.0
7fc7a57db000-7fc7a57dc000 r-xp 0001c000 08:01 2104504                    /usr/lib/x86_64-linux-gnu/libxcb.so.1.1.0
7fc7a57dc000-7fc7a57dd000 rwxp 0001d000 08:01 2104504                    /usr/lib/x86_64-linux-gnu/libxcb.so.1.1.0
7fc7a57dd000-7fc7a57e5000 r-xp 00000000 08:01 2104507                    /usr/lib/x86_64-linux-gnu/libxcb-render.so.0.0.0
7fc7a57e5000-7fc7a59e5000 ---p 00008000 08:01 2104507                    /usr/lib/x86_64-linux-gnu/libxcb-render.so.0.0.0
7fc7a59e5000-7fc7a59e6000 r-xp 00008000 08:01 2104507                    /usr/lib/x86_64-linux-gnu/libxcb-render.so.0.0.0
7fc7a59e6000-7fc7a59e7000 rwxp 00009000 08:01 2104507                    /usr/lib/x86_64-linux-gnu/libxcb-render.so.0.0.0
7fc7a59e7000-7fc7a59e9000 r-xp 00000000 08:01 2104512                    /usr/lib/x86_64-linux-gnu/libxcb-shm.so.0.0.0
7fc7a59e9000-7fc7a5be8000 ---p 00002000 08:01 2104512                    /usr/lib/x86_64-linux-gnu/libxcb-shm.so.0.0.0
7fc7a5be8000-7fc7a5be9000 r-xp 00001000 08:01 2104512                    /usr/lib/x86_64-linux-gnu/libxcb-shm.so.0.0.0
7fc7a5be9000-7fc7a5bea000 rwxp 00002000 08:01 2104512                    /usr/lib/x86_64-linux-gnu/libxcb-shm.so.0.0.0
7fc7a5bea000-7fc7a5c10000 r-xp 00000000 08:01 27656345                   /lib/x86_64-linux-gnu/libpng12.so.0.46.0
7fc7a5c10000-7fc7a5e10000 ---p 00026000 08:01 27656345                   /lib/x86_64-linux-gnu/libpng12.so.0.46.0
7fc7a5e10000-7fc7a5e11000 r-xp 00026000 08:01 27656345                   /lib/x86_64-linux-gnu/libpng12.so.0.46.0
7fc7a5e11000-7fc7a5e12000 rwxp 00027000 08:01 27656345                   /lib/x86_64-linux-gnu/libpng12.so.0.46.0
7fc7a5e12000-7fc7a5ea2000 r-xp 00000000 08:01 2123230                    /usr/lib/x86_64-linux-gnu/libpixman-1.so.0.30.2
7fc7a5ea2000-7fc7a60a1000 ---p 00090000 08:01 2123230                    /usr/lib/x86_64-linux-gnu/libpixman-1.so.0.30.2
7fc7a60a1000-7fc7a60a8000 r-xp 0008f000 08:01 2123230                    /usr/lib/x86_64-linux-gnu/libpixman-1.so.0.30.2
7fc7a60a8000-7fc7a60a9000 rwxp 00096000 08:01 2123230                    /usr/lib/x86_64-linux-gnu/libpixman-1.so.0.30.2
7fc7a60a9000-7fc7a60d0000 r-xp 00000000 08:01 27656348                   /lib/x86_64-linux-gnu/libexpat.so.1.5.2
7fc7a60d0000-7fc7a62d0000 ---p 00027000 08:01 27656348                   /lib/x86_64-linux-gnu/libexpat.so.1.5.2
7fc7a62d0000-7fc7a62d2000 r-xp 00027000 08:01 27656348                   /lib/x86_64-linux-gnu/libexpat.so.1.5.2
7fc7a62d2000-7fc7a62d3000 rwxp 00029000 08:01 27656348                   /lib/x86_64-linux-gnu/libexpat.so.1.5.2
7fc7a62d3000-7fc7a62eb000 r-xp 00000000 08:01 27660786                   /lib/x86_64-linux-gnu/libresolv-2.15.so
7fc7a62eb000-7fc7a64eb000 ---p 00018000 08:01 27660786                   /lib/x86_64-linux-gnu/libresolv-2.15.so
7fc7a64eb000-7fc7a64ec000 r-xp 00018000 08:01 27660786                   /lib/x86_64-linux-gnu/libresolv-2.15.so
7fc7a64ec000-7fc7a64ed000 rwxp 00019000 08:01 27660786                   /lib/x86_64-linux-gnu/libresolv-2.15.so
7fc7a64ed000-7fc7a64ef000 rwxp 00000000 00:00 0 
7fc7a64ef000-7fc7a650c000 r-xp 00000000 08:01 27656337                   /lib/x86_64-linux-gnu/libselinux.so.1
7fc7a650c000-7fc7a670b000 ---p 0001d000 08:01 27656337                   /lib/x86_64-linux-gnu/libselinux.so.1
7fc7a670b000-7fc7a670c000 r-xp 0001c000 08:01 27656337                   /lib/x86_64-linux-gnu/libselinux.so.1
7fc7a670c000-7fc7a670d000 rwxp 0001d000 08:01 27656337                   /lib/x86_64-linux-gnu/libselinux.so.1
7fc7a670d000-7fc7a670e000 rwxp 00000000 00:00 0 
7fc7a670e000-7fc7a6724000 r-xp 00000000 08:01 27660126                   /lib/x86_64-linux-gnu/libz.so.1.2.3.4
7fc7a6724000-7fc7a6923000 ---p 00016000 08:01 27660126                   /lib/x86_64-linux-gnu/libz.so.1.2.3.4
7fc7a6923000-7fc7a6924000 r-xp 00015000 08:01 27660126                   /lib/x86_64-linux-gnu/libz.so.1.2.3.4
7fc7a6924000-7fc7a6925000 rwxp 00016000 08:01 27660126                   /lib/x86_64-linux-gnu/libz.so.1.2.3.4
7fc7a6925000-7fc7a6928000 r-xp 00000000 08:01 2097668                    /usr/lib/x86_64-linux-gnu/libgmodule-2.0.so.0.3200.4
7fc7a6928000-7fc7a6b27000 ---p 00003000 08:01 2097668                    /usr/lib/x86_64-linux-gnu/libgmodule-2.0.so.0.3200.4
7fc7a6b27000-7fc7a6b28000 r-xp 00002000 08:01 2097668                    /usr/lib/x86_64-linux-gnu/libgmodule-2.0.so.0.3200.4
7fc7a6b28000-7fc7a6b29000 rwxp 00003000 08:01 2097668                    /usr/lib/x86_64-linux-gnu/libgmodule-2.0.so.0.3200.4
7fc7a6b29000-7fc7a6bbf000 r-xp 00000000 08:01 2123219                    /usr/lib/x86_64-linux-gnu/libfreetype.so.6.8.0
7fc7a6bbf000-7fc7a6dbe000 ---p 00096000 08:01 2123219                    /usr/lib/x86_64-linux-gnu/libfreetype.so.6.8.0
7fc7a6dbe000-7fc7a6dc4000 r-xp 00095000 08:01 2123219                    /usr/lib/x86_64-linux-gnu/libfreetype.so.6.8.0
7fc7a6dc4000-7fc7a6dc5000 rwxp 0009b000 08:01 2123219                    /usr/lib/x86_64-linux-gnu/libfreetype.so.6.8.0
7fc7a6dc5000-7fc7a6dee000 r-xp 00000000 08:01 2105477                    /usr/lib/x86_64-linux-gnu/libpangoft2-1.0.so.0.3000.0
7fc7a6dee000-7fc7a6fed000 ---p 00029000 08:01 2105477                    /usr/lib/x86_64-linux-gnu/libpangoft2-1.0.so.0.3000.0
7fc7a6fed000-7fc7a6fee000 r-xp 00028000 08:01 2105477                    /usr/lib/x86_64-linux-gnu/libpangoft2-1.0.so.0.3000.0
7fc7a6fee000-7fc7a6fef000 rwxp 00029000 08:01 2105477                    /usr/lib/x86_64-linux-gnu/libpangoft2-1.0.so.0.3000.0
7fc7a6fef000-7fc7a711f000 r-xp 00000000 08:01 2106421                    /usr/lib/x86_64-linux-gnu/libX11.so.6.3.0
7fc7a711f000-7fc7a731f000 ---p 00130000 08:01 2106421                    /usr/lib/x86_64-linux-gnu/libX11.so.6.3.0
7fc7a731f000-7fc7a7320000 r-xp 00130000 08:01 2106421                    /usr/lib/x86_64-linux-gnu/libX11.so.6.3.0
7fc7a7320000-7fc7a7324000 rwxp 00131000 08:01 2106421                    /usr/lib/x86_64-linux-gnu/libX11.so.6.3.0
7fc7a7324000-7fc7a73dd000 r-xp 00000000 08:01 2105378                    /usr/lib/x86_64-linux-gnu/libcairo.so.2.11000.2
7fc7a73dd000-7fc7a75dc000 ---p 000b9000 08:01 2105378                    /usr/lib/x86_64-linux-gnu/libcairo.so.2.11000.2
7fc7a75dc000-7fc7a75de000 r-xp 000b8000 08:01 2105378                    /usr/lib/x86_64-linux-gnu/libcairo.so.2.11000.2
7fc7a75de000-7fc7a75df000 rwxp 000ba000 08:01 2105378                    /usr/lib/x86_64-linux-gnu/libcairo.so.2.11000.2
7fc7a75df000-7fc7a75e2000 rwxp 00000000 00:00 0 
7fc7a75e2000-7fc7a75e7000 r-xp 00000000 08:01 2105487                    /usr/lib/x86_64-linux-gnu/libXfixes.so.3.1.0
7fc7a75e7000-7fc7a77e6000 ---p 00005000 08:01 2105487                    /usr/lib/x86_64-linux-gnu/libXfixes.so.3.1.0
7fc7a77e6000-7fc7a77e7000 r-xp 00004000 08:01 2105487                    /usr/lib/x86_64-linux-gnu/libXfixes.so.3.1.0
7fc7a77e7000-7fc7a77e8000 rwxp 00005000 08:01 2105487                    /usr/lib/x86_64-linux-gnu/libXfixes.so.3.1.0
7fc7a77e8000-7fc7a77ea000 r-xp 00000000 08:01 2107060                    /usr/lib/x86_64-linux-gnu/libXdamage.so.1.1.0
7fc7a77ea000-7fc7a79e9000 ---p 00002000 08:01 2107060                    /usr/lib/x86_64-linux-gnu/libXdamage.so.1.1.0
7fc7a79e9000-7fc7a79ea000 r-xp 00001000 08:01 2107060                    /usr/lib/x86_64-linux-gnu/libXdamage.so.1.1.0
7fc7a79ea000-7fc7a79eb000 rwxp 00002000 08:01 2107060                    /usr/lib/x86_64-linux-gnu/libXdamage.so.1.1.0
7fc7a79eb000-7fc7a79ed000 r-xp 00000000 08:01 2105444                    /usr/lib/x86_64-linux-gnu/libXcomposite.so.1.0.0
7fc7a79ed000-7fc7a7bec000 ---p 00002000 08:01 2105444                    /usr/lib/x86_64-linux-gnu/libXcomposite.so.1.0.0
7fc7a7bec000-7fc7a7bed000 r-xp 00001000 08:01 2105444                    /usr/lib/x86_64-linux-gnu/libXcomposite.so.1.0.0
7fc7a7bed000-7fc7a7bee000 rwxp 00002000 08:01 2105444                    /usr/lib/x86_64-linux-gnu/libXcomposite.so.1.0.0
7fc7a7bee000-7fc7a7bf7000 r-xp 00000000 08:01 2128399                    /usr/lib/x86_64-linux-gnu/libXcursor.so.1.0.2
7fc7a7bf7000-7fc7a7df6000 ---p 00009000 08:01 2128399                    /usr/lib/x86_64-linux-gnu/libXcursor.so.1.0.2
7fc7a7df6000-7fc7a7df7000 r-xp 00008000 08:01 2128399                    /usr/lib/x86_64-linux-gnu/libXcursor.so.1.0.2
7fc7a7df7000-7fc7a7df8000 rwxp 00009000 08:01 2128399                    /usr/lib/x86_64-linux-gnu/libXcursor.so.1.0.2
7fc7a7df8000-7fc7a7dff000 r-xp 00000000 08:01 2105497                    /usr/lib/x86_64-linux-gnu/libXrandr.so.2.2.0
7fc7a7dff000-7fc7a7ffe000 ---p 00007000 08:01 2105497                    /usr/lib/x86_64-linux-gnu/libXrandr.so.2.2.0
7fc7a7ffe000-7fc7a7fff000 r-xp 00006000 08:01 2105497                    /usr/lib/x86_64-linux-gnu/libXrandr.so.2.2.0
7fc7a7fff000-7fc7a8000000 rwxp 00007000 08:01 2105497                    /usr/lib/x86_64-linux-gnu/libXrandr.so.2.2.0
7fc7a8000000-7fc7a8021000 rwxp 00000000 00:00 0 
7fc7a8021000-7fc7ac000000 ---p 00000000 00:00 0 
7fc7ac000000-7fc7ac021000 rwxp 00000000 00:00 0 
7fc7ac021000-7fc7b0000000 ---p 00000000 00:00 0 
7fc7b0000000-7fc7b01fc000 rwxp 00000000 00:00 0 
7fc7b01fc000-7fc7b4000000 ---p 00000000 00:00 0 
7fc7b4000000-7fc7b4021000 rwxp 00000000 00:00 0 
7fc7b4021000-7fc7b8000000 ---p 00000000 00:00 0 
7fc7b8000000-7fc7b8021000 rwxp 00000000 00:00 0 
7fc7b8021000-7fc7bc000000 ---p 00000000 00:00 0 
7fc7bc000000-7fc7bc021000 rwxp 00000000 00:00 0 
7fc7bc021000-7fc7c0000000 ---p 00000000 00:00 0 
7fc7c0000000-7fc7c0021000 rwxp 00000000 00:00 0 
7fc7c0021000-7fc7c4000000 ---p 00000000 00:00 0 
7fc7c4000000-7fc7c4021000 rwxp 00000000 00:00 0 
7fc7c4021000-7fc7c8000000 ---p 00000000 00:00 0 
7fc7c8000000-7fc7c8021000 rwxp 00000000 00:00 0 
7fc7c8021000-7fc7cc000000 ---p 00000000 00:00 0 
7fc7cc000000-7fc7cc021000 rwxp 00000000 00:00 0 
7fc7cc021000-7fc7d0000000 ---p 00000000 00:00 0 
7fc7d0000000-7fc7d0021000 rwxp 00000000 00:00 0 
7fc7d0021000-7fc7d4000000 ---p 00000000 00:00 0 
7fc7d4000000-7fc7d4021000 rwxp 00000000 00:00 0 
7fc7d4021000-7fc7d8000000 ---p 00000000 00:00 0 
7fc7d8000000-7fc7d8021000 rwxp 00000000 00:00 0 
7fc7d8021000-7fc7dc000000 ---p 00000000 00:00 0 
7fc7dc000000-7fc7dc021000 rwxp 00000000 00:00 0 
7fc7dc021000-7fc7e0000000 ---p 00000000 00:00 0 
7fc7e0000000-7fc7e0021000 rwxp 00000000 00:00 0 
7fc7e0021000-7fc7e4000000 ---p 00000000 00:00 0 
7fc7e408b000-7fc7e40ee000 rwxp 00000000 00:00 0 
7fc7e40ee000-7fc7e410d000 r-xs 00000000 08:01 2627087                    /usr/share/mime/mime.cache
7fc7e410d000-7fc7e411c000 r-xp 00000000 08:01 2098747                    /usr/lib/x86_64-linux-gnu/libXi.so.6.1.0
7fc7e411c000-7fc7e431b000 ---p 0000f000 08:01 2098747                    /usr/lib/x86_64-linux-gnu/libXi.so.6.1.0
7fc7e431b000-7fc7e431c000 r-xp 0000e000 08:01 2098747                    /usr/lib/x86_64-linux-gnu/libXi.so.6.1.0
7fc7e431c000-7fc7e431d000 rwxp 0000f000 08:01 2098747                    /usr/lib/x86_64-linux-gnu/libXi.so.6.1.0
7fc7e431d000-7fc7e431f000 r-xp 00000000 08:01 2105495                    /usr/lib/x86_64-linux-gnu/libXinerama.so.1.0.0
7fc7e431f000-7fc7e451e000 ---p 00002000 08:01 2105495                    /usr/lib/x86_64-linux-gnu/libXinerama.so.1.0.0
7fc7e451e000-7fc7e451f000 r-xp 00001000 08:01 2105495                    /usr/lib/x86_64-linux-gnu/libXinerama.so.1.0.0
7fc7e451f000-7fc7e4520000 rwxp 00002000 08:01 2105495                    /usr/lib/x86_64-linux-gnu/libXinerama.so.1.0.0
7fc7e4520000-7fc7e4529000 r-xp 00000000 08:01 2105208                    /usr/lib/x86_64-linux-gnu/libXrender.so.1.3.0
7fc7e4529000-7fc7e4728000 ---p 00009000 08:01 2105208                    /usr/lib/x86_64-linux-gnu/libXrender.so.1.3.0
7fc7e4728000-7fc7e4729000 r-xp 00008000 08:01 2105208                    /usr/lib/x86_64-linux-gnu/libXrender.so.1.3.0
7fc7e4729000-7fc7e472a000 rwxp 00009000 08:01 2105208                    /usr/lib/x86_64-linux-gnu/libXrender.so.1.3.0
7fc7e472a000-7fc7e473a000 r-xp 00000000 08:01 2105438                    /usr/lib/x86_64-linux-gnu/libXext.so.6.4.0
7fc7e473a000-7fc7e4939000 ---p 00010000 08:01 2105438                    /usr/lib/x86_64-linux-gnu/libXext.so.6.4.0
7fc7e4939000-7fc7e493a000 r-xp 0000f000 08:01 2105438                    /usr/lib/x86_64-linux-gnu/libXext.so.6.4.0
7fc7e493a000-7fc7e493b000 rwxp 00010000 08:01 2105438                    /usr/lib/x86_64-linux-gnu/libXext.so.6.4.0
7fc7e493b000-7fc7e496f000 r-xp 00000000 08:01 2123225                    /usr/lib/x86_64-linux-gnu/libfontconfig.so.1.4.4
7fc7e496f000-7fc7e4b6f000 ---p 00034000 08:01 2123225                    /usr/lib/x86_64-linux-gnu/libfontconfig.so.1.4.4
7fc7e4b6f000-7fc7e4b70000 r-xp 00034000 08:01 2123225                    /usr/lib/x86_64-linux-gnu/libfontconfig.so.1.4.4
7fc7e4b70000-7fc7e4b71000 rwxp 00035000 08:01 2123225                    /usr/lib/x86_64-linux-gnu/libfontconfig.so.1.4.4
7fc7e4b71000-7fc7e4cb9000 r-xp 00000000 08:01 2097670                    /usr/lib/x86_64-linux-gnu/libgio-2.0.so.0.3200.4
7fc7e4cb9000-7fc7e4eb8000 ---p 00148000 08:01 2097670                    /usr/lib/x86_64-linux-gnu/libgio-2.0.so.0.3200.4
7fc7e4eb8000-7fc7e4ebc000 r-xp 00147000 08:01 2097670                    /usr/lib/x86_64-linux-gnu/libgio-2.0.so.0.3200.4
7fc7e4ebc000-7fc7e4ebe000 rwxp 0014b000 08:01 2097670                    /usr/lib/x86_64-linux-gnu/libgio-2.0.so.0.3200.4
7fc7e4ebe000-7fc7e4ec0000 rwxp 00000000 00:00 0 
7fc7e4ec0000-7fc7e4ede000 r-xp 00000000 08:01 2098283                    /usr/lib/x86_64-linux-gnu/libgdk_pixbuf-2.0.so.0.2600.1
7fc7e4ede000-7fc7e50de000 ---p 0001e000 08:01 2098283                    /usr/lib/x86_64-linux-gnu/libgdk_pixbuf-2.0.so.0.2600.1
7fc7e50de000-7fc7e50df000 r-xp 0001e000 08:01 2098283                    /usr/lib/x86_64-linux-gnu/libgdk_pixbuf-2.0.so.0.2600.1
7fc7e50df000-7fc7e50e0000 rwxp 0001f000 08:01 2098283                    /usr/lib/x86_64-linux-gnu/libgdk_pixbuf-2.0.so.0.2600.1
7fc7e50e0000-7fc7e5126000 r-xp 00000000 08:01 2105478                    /usr/lib/x86_64-linux-gnu/libpango-1.0.so.0.3000.0
7fc7e5126000-7fc7e5326000 ---p 00046000 08:01 2105478                    /usr/lib/x86_64-linux-gnu/libpango-1.0.so.0.3000.0
7fc7e5326000-7fc7e5328000 r-xp 00046000 08:01 2105478                    /usr/lib/x86_64-linux-gnu/libpango-1.0.so.0.3000.0
7fc7e5328000-7fc7e5329000 rwxp 00048000 08:01 2105478                    /usr/lib/x86_64-linux-gnu/libpango-1.0.so.0.3000.0
7fc7e5329000-7fc7e5334000 r-xp 00000000 08:01 2105479                    /usr/lib/x86_64-linux-gnu/libpangocairo-1.0.so.0.3000.0
7fc7e5334000-7fc7e5533000 ---p 0000b000 08:01 2105479                    /usr/lib/x86_64-linux-gnu/libpangocairo-1.0.so.0.3000.0
7fc7e5533000-7fc7e5534000 r-xp 0000a000 08:01 2105479                    /usr/lib/x86_64-linux-gnu/libpangocairo-1.0.so.0.3000.0
7fc7e5534000-7fc7e5535000 rwxp 0000b000 08:01 2105479                    /usr/lib/x86_64-linux-gnu/libpangocairo-1.0.so.0.3000.0
7fc7e5535000-7fc7e55e2000 r-xp 00000000 08:01 2100420                    /usr/lib/x86_64-linux-gnu/libgdk-x11-2.0.so.0.2400.10
7fc7e55e2000-7fc7e57e1000 ---p 000ad000 08:01 2100420                    /usr/lib/x86_64-linux-gnu/libgdk-x11-2.0.so.0.2400.10
7fc7e57e1000-7fc7e57e5000 r-xp 000ac000 08:01 2100420                    /usr/lib/x86_64-linux-gnu/libgdk-x11-2.0.so.0.2400.10
7fc7e57e5000-7fc7e57e7000 rwxp 000b0000 08:01 2100420                    /usr/lib/x86_64-linux-gnu/libgdk-x11-2.0.so.0.2400.10
7fc7e57e7000-7fc7e5823000 r-xp 00000000 08:01 27659906                   /lib/x86_64-linux-gnu/libpcre.so.3.12.1
7fc7e5823000-7fc7e5a22000 ---p 0003c000 08:01 27659906                   /lib/x86_64-linux-gnu/libpcre.so.3.12.1
7fc7e5a22000-7fc7e5a23000 r-xp 0003b000 08:01 27659906                   /lib/x86_64-linux-gnu/libpcre.so.3.12.1
7fc7e5a23000-7fc7e5a24000 rwxp 0003c000 08:01 27659906                   /lib/x86_64-linux-gnu/libpcre.so.3.12.1
7fc7e5a24000-7fc7e5a2b000 r-xp 00000000 08:01 2104265                    /usr/lib/x86_64-linux-gnu/libffi.so.6.0.0
7fc7e5a2b000-7fc7e5c2a000 ---p 00007000 08:01 2104265                    /usr/lib/x86_64-linux-gnu/libffi.so.6.0.0
7fc7e5c2a000-7fc7e5c2b000 r-xp 00006000 08:01 2104265                    /usr/lib/x86_64-linux-gnu/libffi.so.6.0.0
7fc7e5c2b000-7fc7e5c2c000 rwxp 00007000 08:01 2104265                    /usr/lib/x86_64-linux-gnu/libffi.so.6.0.0
7fc7e5c2c000-7fc7e5d1e000 r-xp 00000000 08:01 27659989                   /lib/x86_64-linux-gnu/libglib-2.0.so.0.3200.4
7fc7e5d1e000-7fc7e5f1e000 ---p 000f2000 08:01 27659989                   /lib/x86_64-linux-gnu/libglib-2.0.so.0.3200.4
7fc7e5f1e000-7fc7e5f1f000 r-xp 000f2000 08:01 27659989                   /lib/x86_64-linux-gnu/libglib-2.0.so.0.3200.4
7fc7e5f1f000-7fc7e5f20000 rwxp 000f3000 08:01 27659989                   /lib/x86_64-linux-gnu/libglib-2.0.so.0.3200.4
7fc7e5f20000-7fc7e5f21000 rwxp 00000000 00:00 0 
7fc7e5f21000-7fc7e5f6e000 r-xp 00000000 08:01 2097671                    /usr/lib/x86_64-linux-gnu/libgobject-2.0.so.0.3200.4
7fc7e5f6e000-7fc7e616e000 ---p 0004d000 08:01 2097671                    /usr/lib/x86_64-linux-gnu/libgobject-2.0.so.0.3200.4
7fc7e616e000-7fc7e616f000 r-xp 0004d000 08:01 2097671                    /usr/lib/x86_64-linux-gnu/libgobject-2.0.so.0.3200.4
7fc7e616f000-7fc7e6170000 rwxp 0004e000 08:01 2097671                    /usr/lib/x86_64-linux-gnu/libgobject-2.0.so.0.3200.4
7fc7e6170000-7fc7e6181000 r-xp 00000000 08:01 4328261                    /usr/lib/eclipse/plugins/org.eclipse.equinox.launcher.gtk.linux.x86_64_1.1.100.dist/eclipse_1408.so
7fc7e6181000-7fc7e6380000 ---p 00011000 08:01 4328261                    /usr/lib/eclipse/plugins/org.eclipse.equinox.launcher.gtk.linux.x86_64_1.1.100.dist/eclipse_1408.so
7fc7e6380000-7fc7e6381000 r-xp 00010000 08:01 4328261                    /usr/lib/eclipse/plugins/org.eclipse.equinox.launcher.gtk.linux.x86_64_1.1.100.dist/eclipse_1408.so
7fc7e6381000-7fc7e6382000 rwxp 00011000 08:01 4328261                    /usr/lib/eclipse/plugins/org.eclipse.equinox.launcher.gtk.linux.x86_64_1.1.100.dist/eclipse_1408.so
7fc7e6382000-7fc7e6383000 r-xs 0000a000 08:01 3809647                    /usr/lib/eclipse/plugins/org.eclipse.equinox.launcher_1.2.0.dist.jar
7fc7e6383000-7fc7e6384000 ---p 00000000 00:00 0 
7fc7e6384000-7fc7e6484000 rwxp 00000000 00:00 0 
7fc7e6484000-7fc7e6487000 ---p 00000000 00:00 0 
7fc7e6487000-7fc7e6585000 rwxp 00000000 00:00 0 
7fc7e6585000-7fc7e6588000 ---p 00000000 00:00 0 
7fc7e6588000-7fc7e6686000 rwxp 00000000 00:00 0 
7fc7e6686000-7fc7e6689000 ---p 00000000 00:00 0 
7fc7e6689000-7fc7e6787000 rwxp 00000000 00:00 0 
7fc7e6787000-7fc7e678a000 ---p 00000000 00:00 0 
7fc7e678a000-7fc7e6888000 rwxp 00000000 00:00 0 
7fc7e6888000-7fc7e6b54000 r-xp 00000000 08:01 2097323                    /usr/lib/locale/locale-archive
7fc7e6b54000-7fc7e6b57000 ---p 00000000 00:00 0 
7fc7e6b57000-7fc7e6c55000 rwxp 00000000 00:00 0 
7fc7e6c55000-7fc7e6c58000 ---p 00000000 00:00 0 
7fc7e6c58000-7fc7e6d56000 rwxp 00000000 00:00 0 
7fc7e6d56000-7fc7e6d57000 ---p 00000000 00:00 0 
7fc7e6d57000-7fc7e7760000 rwxp 00000000 00:00 0 
7fc7e7760000-7fc7e78f9000 r-xs 03087000 08:01 18746305                   /opt/jdk1.6.0_45/jre/lib/rt.jar
7fc7e78f9000-7fc7e78fa000 ---p 00000000 00:00 0 
7fc7e78fa000-7fc7e79fa000 rwxp 00000000 00:00 0 
7fc7e79fa000-7fc7e79fb000 ---p 00000000 00:00 0 
7fc7e79fb000-7fc7e7afb000 rwxp 00000000 00:00 0 
7fc7e7afb000-7fc7e7afc000 ---p 00000000 00:00 0 
7fc7e7afc000-7fc7e7bfc000 rwxp 00000000 00:00 0 
7fc7e7bfc000-7fc7e7bfd000 ---p 00000000 00:00 0 
7fc7e7bfd000-7fc7e7cfd000 rwxp 00000000 00:00 0 
7fc7e7cfd000-7fc7e7cfe000 ---p 00000000 00:00 0 
7fc7e7cfe000-7fc7e7dfe000 rwxp 00000000 00:00 0 
7fc7e7dfe000-7fc7e7dff000 ---p 00000000 00:00 0 
7fc7e7dff000-7fc7e7eff000 rwxp 00000000 00:00 0 
7fc7e7eff000-7fc7e7f00000 ---p 00000000 00:00 0 
7fc7e7f00000-7fc7e8000000 rwxp 00000000 00:00 0 
7fc7e8000000-7fc7e8021000 rwxp 00000000 00:00 0 
7fc7e8021000-7fc7ec000000 ---p 00000000 00:00 0 
7fc7ec012000-7fc7ec037000 r-xp 00000000 08:01 3145982                    /usr/share/glib-2.0/schemas/gschemas.compiled
7fc7ec037000-7fc7ec038000 ---p 00000000 00:00 0 
7fc7ec038000-7fc7ec143000 rwxp 00000000 00:00 0 
7fc7ec143000-7fc7ec1b8000 rwxp 00000000 00:00 0 
7fc7ec1b8000-7fc7ec1c6000 rwxp 00000000 00:00 0 
7fc7ec1c6000-7fc7ec238000 rwxp 00000000 00:00 0 
7fc7ec238000-7fc7ec243000 rwxp 00000000 00:00 0 
7fc7ec243000-7fc7ec2b8000 rwxp 00000000 00:00 0 
7fc7ec2b8000-7fc7ec2c6000 rwxp 00000000 00:00 0 
7fc7ec2c6000-7fc7ec338000 rwxp 00000000 00:00 0 
7fc7ec338000-7fc7ec33f000 rwxp 00000000 00:00 0 
7fc7ec33f000-7fc7ec378000 rwxp 00000000 00:00 0 
7fc7ec378000-7fc7ec5e9000 rwxp 00000000 00:00 0 
7fc7ec5e9000-7fc7ef379000 rwxp 00000000 00:00 0 
7fc7ef379000-7fc7ef387000 r-xp 00000000 08:01 18745604                   /opt/jdk1.6.0_45/jre/lib/amd64/libzip.so
7fc7ef387000-7fc7ef489000 ---p 0000e000 08:01 18745604                   /opt/jdk1.6.0_45/jre/lib/amd64/libzip.so
7fc7ef489000-7fc7ef48c000 rwxp 00010000 08:01 18745604                   /opt/jdk1.6.0_45/jre/lib/amd64/libzip.so
7fc7ef48c000-7fc7ef48d000 rwxp 00000000 00:00 0 
7fc7ef48d000-7fc7ef499000 r-xp 00000000 08:01 27659983                   /lib/x86_64-linux-gnu/libnss_files-2.15.so
7fc7ef499000-7fc7ef698000 ---p 0000c000 08:01 27659983                   /lib/x86_64-linux-gnu/libnss_files-2.15.so
7fc7ef698000-7fc7ef699000 r-xp 0000b000 08:01 27659983                   /lib/x86_64-linux-gnu/libnss_files-2.15.so
7fc7ef699000-7fc7ef69a000 rwxp 0000c000 08:01 27659983                   /lib/x86_64-linux-gnu/libnss_files-2.15.so
7fc7ef69a000-7fc7ef6a4000 r-xp 00000000 08:01 27676956                   /lib/x86_64-linux-gnu/libnss_nis-2.15.so
7fc7ef6a4000-7fc7ef8a4000 ---p 0000a000 08:01 27676956                   /lib/x86_64-linux-gnu/libnss_nis-2.15.so
7fc7ef8a4000-7fc7ef8a5000 r-xp 0000a000 08:01 27676956                   /lib/x86_64-linux-gnu/libnss_nis-2.15.so
7fc7ef8a5000-7fc7ef8a6000 rwxp 0000b000 08:01 27676956                   /lib/x86_64-linux-gnu/libnss_nis-2.15.so
7fc7ef8a6000-7fc7ef8ae000 r-xp 00000000 08:01 27659849                   /lib/x86_64-linux-gnu/libnss_compat-2.15.so
7fc7ef8ae000-7fc7efaad000 ---p 00008000 08:01 27659849                   /lib/x86_64-linux-gnu/libnss_compat-2.15.so
7fc7efaad000-7fc7efaae000 r-xp 00007000 08:01 27659849                   /lib/x86_64-linux-gnu/libnss_compat-2.15.so
7fc7efaae000-7fc7efaaf000 rwxp 00008000 08:01 27659849                   /lib/x86_64-linux-gnu/libnss_compat-2.15.so
7fc7efaaf000-7fc7efac6000 r-xp 00000000 08:01 27676970                   /lib/x86_64-linux-gnu/libnsl-2.15.so
7fc7efac6000-7fc7efcc5000 ---p 00017000 08:01 27676970                   /lib/x86_64-linux-gnu/libnsl-2.15.so
7fc7efcc5000-7fc7efcc6000 r-xp 00016000 08:01 27676970                   /lib/x86_64-linux-gnu/libnsl-2.15.so
7fc7efcc6000-7fc7efcc7000 rwxp 00017000 08:01 27676970                   /lib/x86_64-linux-gnu/libnsl-2.15.so
7fc7efcc7000-7fc7efcc9000 rwxp 00000000 00:00 0 
7fc7efcc9000-7fc7efcf2000 r-xp 00000000 08:01 18745615                   /opt/jdk1.6.0_45/jre/lib/amd64/libjava.so
7fc7efcf2000-7fc7efdf1000 ---p 00029000 08:01 18745615                   /opt/jdk1.6.0_45/jre/lib/amd64/libjava.so
7fc7efdf1000-7fc7efdf8000 rwxp 00028000 08:01 18745615                   /opt/jdk1.6.0_45/jre/lib/amd64/libjava.so
7fc7efdf8000-7fc7efdff000 r-xp 00000000 08:01 27676954                   /lib/x86_64-linux-gnu/librt-2.15.so
7fc7efdff000-7fc7efffe000 ---p 00007000 08:01 27676954                   /lib/x86_64-linux-gnu/librt-2.15.so
7fc7efffe000-7fc7effff000 r-xp 00006000 08:01 27676954                   /lib/x86_64-linux-gnu/librt-2.15.so
7fc7effff000-7fc7f0000000 rwxp 00007000 08:01 27676954                   /lib/x86_64-linux-gnu/librt-2.15.so
7fc7f0000000-7fc7f01ab000 rwxp 00000000 00:00 0 
7fc7f01ab000-7fc7f4000000 ---p 00000000 00:00 0 
7fc7f400e000-7fc7f4042000 rwxp 00000000 00:00 0 
7fc7f4042000-7fc7f404f000 r-xp 00000000 08:01 18745599                   /opt/jdk1.6.0_45/jre/lib/amd64/libverify.so
7fc7f404f000-7fc7f414e000 ---p 0000d000 08:01 18745599                   /opt/jdk1.6.0_45/jre/lib/amd64/libverify.so
7fc7f414e000-7fc7f4151000 rwxp 0000c000 08:01 18745599                   /opt/jdk1.6.0_45/jre/lib/amd64/libverify.so
7fc7f4151000-7fc7f4154000 ---p 00000000 00:00 0 
7fc7f4154000-7fc7f4252000 rwxp 00000000 00:00 0 
7fc7f4252000-7fc7f434d000 r-xp 00000000 08:01 27676961                   /lib/x86_64-linux-gnu/libm-2.15.so
7fc7f434d000-7fc7f454c000 ---p 000fb000 08:01 27676961                   /lib/x86_64-linux-gnu/libm-2.15.so
7fc7f454c000-7fc7f454d000 r-xp 000fa000 08:01 27676961                   /lib/x86_64-linux-gnu/libm-2.15.so
7fc7f454d000-7fc7f454e000 rwxp 000fb000 08:01 27676961                   /lib/x86_64-linux-gnu/libm-2.15.so
7fc7f454e000-7fc7f4e6c000 r-xp 00000000 08:01 18745621                   /opt/jdk1.6.0_45/jre/lib/amd64/server/libjvm.so
7fc7f4e6c000-7fc7f4f6e000 ---p 0091e000 08:01 18745621                   /opt/jdk1.6.0_45/jre/lib/amd64/server/libjvm.so
7fc7f4f6e000-7fc7f5124000 rwxp 00920000 08:01 18745621                   /opt/jdk1.6.0_45/jre/lib/amd64/server/libjvm.so
7fc7f5124000-7fc7f515e000 rwxp 00000000 00:00 0 
7fc7f515e000-7fc7f5313000 r-xp 00000000 08:01 27656302                   /lib/x86_64-linux-gnu/libc-2.15.so
7fc7f5313000-7fc7f5513000 ---p 001b5000 08:01 27656302                   /lib/x86_64-linux-gnu/libc-2.15.so
7fc7f5513000-7fc7f5517000 r-xp 001b5000 08:01 27656302                   /lib/x86_64-linux-gnu/libc-2.15.so
7fc7f5517000-7fc7f5519000 rwxp 001b9000 08:01 27656302                   /lib/x86_64-linux-gnu/libc-2.15.so
7fc7f5519000-7fc7f551e000 rwxp 00000000 00:00 0 
7fc7f551e000-7fc7f5520000 r-xp 00000000 08:01 27676965                   /lib/x86_64-linux-gnu/libdl-2.15.so
7fc7f5520000-7fc7f5720000 ---p 00002000 08:01 27676965                   /lib/x86_64-linux-gnu/libdl-2.15.so
7fc7f5720000-7fc7f5721000 r-xp 00002000 08:01 27676965                   /lib/x86_64-linux-gnu/libdl-2.15.so
7fc7f5721000-7fc7f5722000 rwxp 00003000 08:01 27676965                   /lib/x86_64-linux-gnu/libdl-2.15.so
7fc7f5722000-7fc7f573a000 r-xp 00000000 08:01 27676958                   /lib/x86_64-linux-gnu/libpthread-2.15.so
7fc7f573a000-7fc7f5939000 ---p 00018000 08:01 27676958                   /lib/x86_64-linux-gnu/libpthread-2.15.so
7fc7f5939000-7fc7f593a000 r-xp 00017000 08:01 27676958                   /lib/x86_64-linux-gnu/libpthread-2.15.so
7fc7f593a000-7fc7f593b000 rwxp 00018000 08:01 27676958                   /lib/x86_64-linux-gnu/libpthread-2.15.so
7fc7f593b000-7fc7f593f000 rwxp 00000000 00:00 0 
7fc7f593f000-7fc7f5961000 r-xp 00000000 08:01 27676962                   /lib/x86_64-linux-gnu/ld-2.15.so
7fc7f596e000-7fc7f5978000 rwxp 00000000 00:00 0 
7fc7f5978000-7fc7f5a2e000 rwxp 00000000 00:00 0 
7fc7f5a2e000-7fc7f5a31000 rwxp 00000000 00:00 0 
7fc7f5a31000-7fc7f5a38000 r-xp 00000000 08:01 18745590                   /opt/jdk1.6.0_45/jre/lib/amd64/jli/libjli.so
7fc7f5a38000-7fc7f5b39000 ---p 00007000 08:01 18745590                   /opt/jdk1.6.0_45/jre/lib/amd64/jli/libjli.so
7fc7f5b39000-7fc7f5b3b000 rwxp 00008000 08:01 18745590                   /opt/jdk1.6.0_45/jre/lib/amd64/jli/libjli.so
7fc7f5b3b000-7fc7f5b3c000 rwxp 00000000 00:00 0 
7fc7f5b50000-7fc7f5b54000 r-xp 00000000 08:01 10882309                   /home/a/.config/dconf/user
7fc7f5b54000-7fc7f5b55000 r-xs 00000000 08:01 10881840                   /home/a/.cache/dconf/user
7fc7f5b55000-7fc7f5b5d000 rwxs 00000000 08:01 23331516                   /tmp/hsperfdata_a/26978
7fc7f5b5d000-7fc7f5b5e000 rwxp 00000000 00:00 0 
7fc7f5b5e000-7fc7f5b5f000 r-xp 00000000 00:00 0 
7fc7f5b5f000-7fc7f5b61000 rwxp 00000000 00:00 0 
7fc7f5b61000-7fc7f5b62000 r-xp 00022000 08:01 27676962                   /lib/x86_64-linux-gnu/ld-2.15.so
7fc7f5b62000-7fc7f5b64000 rwxp 00023000 08:01 27676962                   /lib/x86_64-linux-gnu/ld-2.15.so
7fffc52c9000-7fffc52ea000 rwxp 00000000 00:00 0                          [stack]
7fffc53ff000-7fffc5400000 r-xp 00000000 00:00 0                          [vdso]
ffffffffff600000-ffffffffff601000 r-xp 00000000 00:00 0                  [vsyscall]

VM Arguments:
jvm_args: -Xms40m -Xmx384m -Dorg.eclipse.equinox.p2.reconciler.dropins.directory=/usr/share/eclipse/dropins -XX:MaxPermSize=256m 
java_command: /usr/lib/eclipse//plugins/org.eclipse.equinox.launcher_1.2.0.dist.jar -os linux -ws gtk -arch x86_64 -showsplash -launcher /usr/lib/eclipse/eclipse -name Eclipse --launcher.library /usr/lib/eclipse//plugins/org.eclipse.equinox.launcher.gtk.linux.x86_64_1.1.100.dist/eclipse_1408.so -startup /usr/lib/eclipse//plugins/org.eclipse.equinox.launcher_1.2.0.dist.jar --launcher.overrideVmargs -exitdata 8001 -vm /usr/bin/java -vmargs -Xms40m -Xmx384m -Dorg.eclipse.equinox.p2.reconciler.dropins.directory=/usr/share/eclipse/dropins -XX:MaxPermSize=256m -jar /usr/lib/eclipse//plugins/org.eclipse.equinox.launcher_1.2.0.dist.jar
Launcher Type: SUN_STANDARD

Environment Variables:
JAVA_HOME=/usr/lib/jvm/java-7-openjdk-amd64/jre/
PATH=/home/a/bin:/usr/local/sbin:/usr/local/bin:/usr/sbin:/usr/bin:/sbin:/bin:/usr/games:/home/a/android/android-sdk-linux/tools:/home/a/android/android-sdk-linux/platform-tools:/home/a/android/nexus_kernel_vanilla/prebuilt/linux-x86/toolchain/arm-eabi-4.4.3/bin:/home/a/hadoop/bin:/home/a/hadoop/sbin
LD_LIBRARY_PATH=/opt/jdk1.6.0_45/jre/lib/amd64/server:/opt/jdk1.6.0_45/jre/lib/amd64:/opt/jdk1.6.0_45/jre/../lib/amd64
SHELL=/bin/bash

Signal Handlers:
SIGSEGV: [libjvm.so+0x862a30], sa_mask[0]=0x7ffbfeff, sa_flags=0x10000004
SIGBUS: [libjvm.so+0x862a30], sa_mask[0]=0x7ffbfeff, sa_flags=0x10000004
SIGFPE: [libjvm.so+0x7106f0], sa_mask[0]=0x7ffbfeff, sa_flags=0x10000004
SIGPIPE: SIG_IGN, sa_mask[0]=0x00001000, sa_flags=0x10000000
SIGXFSZ: [libjvm.so+0x7106f0], sa_mask[0]=0x7ffbfeff, sa_flags=0x10000004
SIGILL: [libjvm.so+0x7106f0], sa_mask[0]=0x7ffbfeff, sa_flags=0x10000004
SIGUSR1: SIG_DFL, sa_mask[0]=0x00000000, sa_flags=0x00000000
SIGUSR2: [libjvm.so+0x713520], sa_mask[0]=0x00000000, sa_flags=0x10000004
SIGHUP: [libjvm.so+0x713120], sa_mask[0]=0x7ffbfeff, sa_flags=0x10000004
SIGINT: [libjvm.so+0x713120], sa_mask[0]=0x7ffbfeff, sa_flags=0x10000004
SIGTERM: [libjvm.so+0x713120], sa_mask[0]=0x7ffbfeff, sa_flags=0x10000004
SIGQUIT: [libjvm.so+0x713120], sa_mask[0]=0x7ffbfeff, sa_flags=0x10000004


---------------  S Y S T E M  ---------------

OS:wheezy/sid

uname:Linux 3.2.0-64-generic #97-Ubuntu SMP Wed Jun 4 22:04:21 UTC 2014 x86_64
libc:glibc 2.15 NPTL 2.15 
rlimit: STACK 8192k, CORE 0k, NPROC 127598, NOFILE 4096, AS infinity
load average:0.00 0.04 0.08

/proc/meminfo:
MemTotal:       16350544 kB
MemFree:         9659044 kB
Buffers:         1551160 kB
Cached:          3370100 kB
SwapCached:            0 kB
Active:          2244568 kB
Inactive:        3373020 kB
Active(anon):     702472 kB
Inactive(anon):   412016 kB
Active(file):    1542096 kB
Inactive(file):  2961004 kB
Unevictable:         200 kB
Mlocked:             200 kB
SwapTotal:      16691196 kB
SwapFree:       16691196 kB
Dirty:              2336 kB
Writeback:             0 kB
AnonPages:        696960 kB
Mapped:           192092 kB
Shmem:            417908 kB
Slab:             821756 kB
SReclaimable:     786096 kB
SUnreclaim:        35660 kB
KernelStack:        3720 kB
PageTables:        29756 kB
NFS_Unstable:          0 kB
Bounce:                0 kB
WritebackTmp:          0 kB
CommitLimit:    24866468 kB
Committed_AS:    3726636 kB
VmallocTotal:   34359738367 kB
VmallocUsed:      388668 kB
VmallocChunk:   34359330876 kB
HardwareCorrupted:     0 kB
AnonHugePages:         0 kB
HugePages_Total:       0
HugePages_Free:        0
HugePages_Rsvd:        0
HugePages_Surp:        0
Hugepagesize:       2048 kB
DirectMap4k:       93824 kB
DirectMap2M:    16599040 kB


CPU:total 8 (4 cores per cpu, 2 threads per core) family 6 model 42 stepping 7, cmov, cx8, fxsr, mmx, sse, sse2, sse3, ssse3, sse4.1, sse4.2, popcnt, ht

/proc/cpuinfo:
processor	: 0
vendor_id	: GenuineIntel
cpu family	: 6
model		: 42
model name	: Intel(R) Core(TM) i7-2600 CPU @ 3.40GHz
stepping	: 7
microcode	: 0x14
cpu MHz		: 3701.000
cache size	: 8192 KB
physical id	: 0
siblings	: 8
core id		: 0
cpu cores	: 4
apicid		: 0
initial apicid	: 0
fpu		: yes
fpu_exception	: yes
cpuid level	: 13
wp		: yes
flags		: fpu vme de pse tsc msr pae mce cx8 apic sep mtrr pge mca cmov pat pse36 clflush dts acpi mmx fxsr sse sse2 ss ht tm pbe syscall nx rdtscp lm constant_tsc arch_perfmon pebs bts rep_good nopl xtopology nonstop_tsc aperfmperf pni pclmulqdq dtes64 monitor ds_cpl vmx smx est tm2 ssse3 cx16 xtpr pdcm pcid sse4_1 sse4_2 x2apic popcnt tsc_deadline_timer aes xsave avx lahf_lm ida arat epb xsaveopt pln pts dtherm tpr_shadow vnmi flexpriority ept vpid
bogomips	: 6784.50
clflush size	: 64
cache_alignment	: 64
address sizes	: 36 bits physical, 48 bits virtual
power management:

processor	: 1
vendor_id	: GenuineIntel
cpu family	: 6
model		: 42
model name	: Intel(R) Core(TM) i7-2600 CPU @ 3.40GHz
stepping	: 7
microcode	: 0x14
cpu MHz		: 1600.000
cache size	: 8192 KB
physical id	: 0
siblings	: 8
core id		: 1
cpu cores	: 4
apicid		: 2
initial apicid	: 2
fpu		: yes
fpu_exception	: yes
cpuid level	: 13
wp		: yes
flags		: fpu vme de pse tsc msr pae mce cx8 apic sep mtrr pge mca cmov pat pse36 clflush dts acpi mmx fxsr sse sse2 ss ht tm pbe syscall nx rdtscp lm constant_tsc arch_perfmon pebs bts rep_good nopl xtopology nonstop_tsc aperfmperf pni pclmulqdq dtes64 monitor ds_cpl vmx smx est tm2 ssse3 cx16 xtpr pdcm pcid sse4_1 sse4_2 x2apic popcnt tsc_deadline_timer aes xsave avx lahf_lm ida arat epb xsaveopt pln pts dtherm tpr_shadow vnmi flexpriority ept vpid
bogomips	: 6784.54
clflush size	: 64
cache_alignment	: 64
address sizes	: 36 bits physical, 48 bits virtual
power management:

processor	: 2
vendor_id	: GenuineIntel
cpu family	: 6
model		: 42
model name	: Intel(R) Core(TM) i7-2600 CPU @ 3.40GHz
stepping	: 7
microcode	: 0x14
cpu MHz		: 1600.000
cache size	: 8192 KB
physical id	: 0
siblings	: 8
core id		: 2
cpu cores	: 4
apicid		: 4
initial apicid	: 4
fpu		: yes
fpu_exception	: yes
cpuid level	: 13
wp		: yes
flags		: fpu vme de pse tsc msr pae mce cx8 apic sep mtrr pge mca cmov pat pse36 clflush dts acpi mmx fxsr sse sse2 ss ht tm pbe syscall nx rdtscp lm constant_tsc arch_perfmon pebs bts rep_good nopl xtopology nonstop_tsc aperfmperf pni pclmulqdq dtes64 monitor ds_cpl vmx smx est tm2 ssse3 cx16 xtpr pdcm pcid sse4_1 sse4_2 x2apic popcnt tsc_deadline_timer aes xsave avx lahf_lm ida arat epb xsaveopt pln pts dtherm tpr_shadow vnmi flexpriority ept vpid
bogomips	: 6784.54
clflush size	: 64
cache_alignment	: 64
address sizes	: 36 bits physical, 48 bits virtual
power management:

processor	: 3
vendor_id	: GenuineIntel
cpu family	: 6
model		: 42
model name	: Intel(R) Core(TM) i7-2600 CPU @ 3.40GHz
stepping	: 7
microcode	: 0x14
cpu MHz		: 1600.000
cache size	: 8192 KB
physical id	: 0
siblings	: 8
core id		: 3
cpu cores	: 4
apicid		: 6
initial apicid	: 6
fpu		: yes
fpu_exception	: yes
cpuid level	: 13
wp		: yes
flags		: fpu vme de pse tsc msr pae mce cx8 apic sep mtrr pge mca cmov pat pse36 clflush dts acpi mmx fxsr sse sse2 ss ht tm pbe syscall nx rdtscp lm constant_tsc arch_perfmon pebs bts rep_good nopl xtopology nonstop_tsc aperfmperf pni pclmulqdq dtes64 monitor ds_cpl vmx smx est tm2 ssse3 cx16 xtpr pdcm pcid sse4_1 sse4_2 x2apic popcnt tsc_deadline_timer aes xsave avx lahf_lm ida arat epb xsaveopt pln pts dtherm tpr_shadow vnmi flexpriority ept vpid
bogomips	: 6784.53
clflush size	: 64
cache_alignment	: 64
address sizes	: 36 bits physical, 48 bits virtual
power management:

processor	: 4
vendor_id	: GenuineIntel
cpu family	: 6
model		: 42
model name	: Intel(R) Core(TM) i7-2600 CPU @ 3.40GHz
stepping	: 7
microcode	: 0x14
cpu MHz		: 1600.000
cache size	: 8192 KB
physical id	: 0
siblings	: 8
core id		: 0
cpu cores	: 4
apicid		: 1
initial apicid	: 1
fpu		: yes
fpu_exception	: yes
cpuid level	: 13
wp		: yes
flags		: fpu vme de pse tsc msr pae mce cx8 apic sep mtrr pge mca cmov pat pse36 clflush dts acpi mmx fxsr sse sse2 ss ht tm pbe syscall nx rdtscp lm constant_tsc arch_perfmon pebs bts rep_good nopl xtopology nonstop_tsc aperfmperf pni pclmulqdq dtes64 monitor ds_cpl vmx smx est tm2 ssse3 cx16 xtpr pdcm pcid sse4_1 sse4_2 x2apic popcnt tsc_deadline_timer aes xsave avx lahf_lm ida arat epb xsaveopt pln pts dtherm tpr_shadow vnmi flexpriority ept vpid
bogomips	: 6784.53
clflush size	: 64
cache_alignment	: 64
address sizes	: 36 bits physical, 48 bits virtual
power management:

processor	: 5
vendor_id	: GenuineIntel
cpu family	: 6
model		: 42
model name	: Intel(R) Core(TM) i7-2600 CPU @ 3.40GHz
stepping	: 7
microcode	: 0x14
cpu MHz		: 1600.000
cache size	: 8192 KB
physical id	: 0
siblings	: 8
core id		: 1
cpu cores	: 4
apicid		: 3
initial apicid	: 3
fpu		: yes
fpu_exception	: yes
cpuid level	: 13
wp		: yes
flags		: fpu vme de pse tsc msr pae mce cx8 apic sep mtrr pge mca cmov pat pse36 clflush dts acpi mmx fxsr sse sse2 ss ht tm pbe syscall nx rdtscp lm constant_tsc arch_perfmon pebs bts rep_good nopl xtopology nonstop_tsc aperfmperf pni pclmulqdq dtes64 monitor ds_cpl vmx smx est tm2 ssse3 cx16 xtpr pdcm pcid sse4_1 sse4_2 x2apic popcnt tsc_deadline_timer aes xsave avx lahf_lm ida arat epb xsaveopt pln pts dtherm tpr_shadow vnmi flexpriority ept vpid
bogomips	: 6784.53
clflush size	: 64
cache_alignment	: 64
address sizes	: 36 bits physical, 48 bits virtual
power management:

processor	: 6
vendor_id	: GenuineIntel
cpu family	: 6
model		: 42
model name	: Intel(R) Core(TM) i7-2600 CPU @ 3.40GHz
stepping	: 7
microcode	: 0x14
cpu MHz		: 1600.000
cache size	: 8192 KB
physical id	: 0
siblings	: 8
core id		: 2
cpu cores	: 4
apicid		: 5
initial apicid	: 5
fpu		: yes
fpu_exception	: yes
cpuid level	: 13
wp		: yes
flags		: fpu vme de pse tsc msr pae mce cx8 apic sep mtrr pge mca cmov pat pse36 clflush dts acpi mmx fxsr sse sse2 ss ht tm pbe syscall nx rdtscp lm constant_tsc arch_perfmon pebs bts rep_good nopl xtopology nonstop_tsc aperfmperf pni pclmulqdq dtes64 monitor ds_cpl vmx smx est tm2 ssse3 cx16 xtpr pdcm pcid sse4_1 sse4_2 x2apic popcnt tsc_deadline_timer aes xsave avx lahf_lm ida arat epb xsaveopt pln pts dtherm tpr_shadow vnmi flexpriority ept vpid
bogomips	: 6784.53
clflush size	: 64
cache_alignment	: 64
address sizes	: 36 bits physical, 48 bits virtual
power management:

processor	: 7
vendor_id	: GenuineIntel
cpu family	: 6
model		: 42
model name	: Intel(R) Core(TM) i7-2600 CPU @ 3.40GHz
stepping	: 7
microcode	: 0x14
cpu MHz		: 1600.000
cache size	: 8192 KB
physical id	: 0
siblings	: 8
core id		: 3
cpu cores	: 4
apicid		: 7
initial apicid	: 7
fpu		: yes
fpu_exception	: yes
cpuid level	: 13
wp		: yes
flags		: fpu vme de pse tsc msr pae mce cx8 apic sep mtrr pge mca cmov pat pse36 clflush dts acpi mmx fxsr sse sse2 ss ht tm pbe syscall nx rdtscp lm constant_tsc arch_perfmon pebs bts rep_good nopl xtopology nonstop_tsc aperfmperf pni pclmulqdq dtes64 monitor ds_cpl vmx smx est tm2 ssse3 cx16 xtpr pdcm pcid sse4_1 sse4_2 x2apic popcnt tsc_deadline_timer aes xsave avx lahf_lm ida arat epb xsaveopt pln pts dtherm tpr_shadow vnmi flexpriority ept vpid
bogomips	: 6784.53
clflush size	: 64
cache_alignment	: 64
address sizes	: 36 bits physical, 48 bits virtual
power management:



Memory: 4k page, physical 16350544k(9659044k free), swap 16691196k(16691196k free)

vm_info: Java HotSpot(TM) 64-Bit Server VM (20.45-b01) for linux-amd64 JRE (1.6.0_45-b06), built on Mar 26 2013 14:07:02 by "java_re" with gcc 3.2.2 (SuSE Linux)

time: Fri Jul 10 16:06:05 2015
elapsed time: 0 seconds

